<?xml version="1.0" encoding="UTF-8"?>
<!-- Generated by org.testng.reporters.JUnitReportReporter -->
<testsuite hostname="DESKTOP-7GLNIH9" failures="0" tests="1" name="DemoScript.ExtentReport" time="0.512" errors="0" timestamp="2023-12-27T21:18:36 IST" skipped="0">
  <testcase classname="DemoScript.ExtentReport" name="Demo1" time="0.512"/>
</testsuite> <!-- DemoScript.ExtentReport -->
