<?xml version="1.0" encoding="UTF-8"?>
<!-- Generated by org.testng.reporters.JUnitReportReporter -->
<testsuite hostname="DESKTOP-7GLNIH9" failures="0" tests="1" name="testScripts.BuyProduct" time="8.297" errors="0" timestamp="2023-12-23T15:41:19 IST" skipped="0">
  <testcase classname="testScripts.BuyProduct" name="Purchase_Computer" time="8.297"/>
  <system-out>
    <![CDATA[Connect to DataBase
Before  test
Before Class
Login
Log out
After Class
After  test
Close Connection to DataBase]]>
  </system-out>
</testsuite> <!-- testScripts.BuyProduct -->
