<?xml version="1.0" encoding="UTF-8"?>
<!-- Generated by org.testng.reporters.JUnitReportReporter -->
<testsuite hostname="DESKTOP-7GLNIH9" failures="0" tests="1" name="DemoScript.reporttest" time="2.568" errors="0" timestamp="2023-12-30T10:11:01 IST" skipped="0">
  <testcase classname="DemoScript.reporttest" name="Demo1" time="2.568"/>
  <system-out/>
</testsuite> <!-- DemoScript.reporttest -->
